Performing C SOURCE FILE Test CMAKE_HAVE_LIBC_PTHREAD failed with the following output:
Change Dir: /home/aferreira/heifu_ws/src/heifu/sensing/gpu_voxels_ros/gpu-voxels/build/CMakeFiles/CMakeTmp

Run Build Command(s):/usr/bin/make cmTC_af061/fast && /usr/bin/make -f CMakeFiles/cmTC_af061.dir/build.make CMakeFiles/cmTC_af061.dir/build
make[1]: Entering directory '/home/aferreira/heifu_ws/src/heifu/sensing/gpu_voxels_ros/gpu-voxels/build/CMakeFiles/CMakeTmp'
Building C object CMakeFiles/cmTC_af061.dir/src.c.o
/usr/bin/gcc-8   -Wall -Wno-long-long -msse -msse2 -ffunction-sections  -DCMAKE_HAVE_LIBC_PTHREAD   -o CMakeFiles/cmTC_af061.dir/src.c.o   -c /home/aferreira/heifu_ws/src/heifu/sensing/gpu_voxels_ros/gpu-voxels/build/CMakeFiles/CMakeTmp/src.c
Linking C executable cmTC_af061
/usr/bin/cmake -E cmake_link_script CMakeFiles/cmTC_af061.dir/link.txt --verbose=1
/usr/bin/gcc-8   -Wall -Wno-long-long -msse -msse2 -ffunction-sections  -DCMAKE_HAVE_LIBC_PTHREAD    -rdynamic CMakeFiles/cmTC_af061.dir/src.c.o  -o cmTC_af061 
/usr/bin/ld: CMakeFiles/cmTC_af061.dir/src.c.o: in function `main':
src.c:(.text.main+0x34): undefined reference to `pthread_create'
/usr/bin/ld: src.c:(.text.main+0x40): undefined reference to `pthread_detach'
/usr/bin/ld: src.c:(.text.main+0x51): undefined reference to `pthread_join'
collect2: error: ld returned 1 exit status
make[1]: *** [CMakeFiles/cmTC_af061.dir/build.make:87: cmTC_af061] Error 1
make[1]: Leaving directory '/home/aferreira/heifu_ws/src/heifu/sensing/gpu_voxels_ros/gpu-voxels/build/CMakeFiles/CMakeTmp'
make: *** [Makefile:121: cmTC_af061/fast] Error 2


Source file was:
#include <pthread.h>

void* test_func(void* data)
{
  return data;
}

int main(void)
{
  pthread_t thread;
  pthread_create(&thread, NULL, test_func, NULL);
  pthread_detach(thread);
  pthread_join(thread, NULL);
  pthread_atfork(NULL, NULL, NULL);
  pthread_exit(NULL);

  return 0;
}

Determining if the function pthread_create exists in the pthreads failed with the following output:
Change Dir: /home/aferreira/heifu_ws/src/heifu/sensing/gpu_voxels_ros/gpu-voxels/build/CMakeFiles/CMakeTmp

Run Build Command(s):/usr/bin/make cmTC_723f9/fast && /usr/bin/make -f CMakeFiles/cmTC_723f9.dir/build.make CMakeFiles/cmTC_723f9.dir/build
make[1]: Entering directory '/home/aferreira/heifu_ws/src/heifu/sensing/gpu_voxels_ros/gpu-voxels/build/CMakeFiles/CMakeTmp'
Building C object CMakeFiles/cmTC_723f9.dir/CheckFunctionExists.c.o
/usr/bin/gcc-8   -Wall -Wno-long-long -msse -msse2 -ffunction-sections  -DCHECK_FUNCTION_EXISTS=pthread_create   -o CMakeFiles/cmTC_723f9.dir/CheckFunctionExists.c.o   -c /usr/share/cmake-3.16/Modules/CheckFunctionExists.c
Linking C executable cmTC_723f9
/usr/bin/cmake -E cmake_link_script CMakeFiles/cmTC_723f9.dir/link.txt --verbose=1
/usr/bin/gcc-8   -Wall -Wno-long-long -msse -msse2 -ffunction-sections  -DCHECK_FUNCTION_EXISTS=pthread_create    -rdynamic CMakeFiles/cmTC_723f9.dir/CheckFunctionExists.c.o  -o cmTC_723f9  -lpthreads 
/usr/bin/ld: cannot find -lpthreads
collect2: error: ld returned 1 exit status
make[1]: *** [CMakeFiles/cmTC_723f9.dir/build.make:87: cmTC_723f9] Error 1
make[1]: Leaving directory '/home/aferreira/heifu_ws/src/heifu/sensing/gpu_voxels_ros/gpu-voxels/build/CMakeFiles/CMakeTmp'
make: *** [Makefile:121: cmTC_723f9/fast] Error 2



